C51 COMPILER V9.60.0.0   COMMON                                                            11/11/2022 18:17:34 PAGE 1   


C51 COMPILER V9.60.0.0, COMPILATION OF MODULE COMMON
OBJECT MODULE PLACED IN .\Output\common.obj
COMPILER INVOKED BY: d:\Keil_v5\C51\BIN\C51.EXE ..\..\..\UserCode\StdDriver\src\common.c LARGE OPTIMIZE(7,SPEED) BROWSE 
                    -INCDIR(..\..\..\UserCode\Device\Include;..\..\..\UserCode\StdDriver\inc;..\..\..\UserCode\User\ins;..\..\..\UserCode\Std
                    -Driver\src;..\..\..\UserCode\StdDriver\lib) DEBUG OBJECTEXTEND PRINT(.\LST\common.lst) TABS(2) OBJECT(.\Output\common.ob
                    -j)

line level    source

   1          /*--------------------------------------------------------------------------------------------------------
             --*/
   2          /*                                                                                                        
             - */
   3          /* Copyright(c) 2020 Nuvoton Technology Corp. All rights reserved.                                        
             - */
   4          /*                                                                                                        
             - */
   5          /*--------------------------------------------------------------------------------------------------------
             --*/
   6          
   7          #include "ML51.h"
   8          bit BIT_TMP;
   9          unsigned char data  TA_REG_TMP,SFRS_TMP,BYTE_TMP;
  10          
  11          /**
  12           * @brief       Read Dataflash
  13           * @param       Dataflash start address
  14           * @return      Dataflash Value
  15           * @details     None
  16           */
  17           unsigned char Read_APROM_BYTE(unsigned int code *u16_addr)
  18          {
  19   1          unsigned char rdata;
  20   1          rdata = *u16_addr >> 8;
  21   1          return rdata;
  22   1      }


MODULE INFORMATION:   STATIC OVERLAYABLE
   CODE SIZE        =      8    ----
   CONSTANT SIZE    =   ----    ----
   XDATA SIZE       =   ----    ----
   PDATA SIZE       =   ----    ----
   DATA SIZE        =      3    ----
   IDATA SIZE       =   ----    ----
   BIT SIZE         =      1    ----
END OF MODULE INFORMATION.


C51 COMPILATION COMPLETE.  0 WARNING(S),  0 ERROR(S)
