C51 COMPILER V9.60.0.0   TIMER0                                                            11/11/2022 18:17:37 PAGE 1   


C51 COMPILER V9.60.0.0, COMPILATION OF MODULE TIMER0
OBJECT MODULE PLACED IN .\Output\Timer0.obj
COMPILER INVOKED BY: d:\Keil_v5\C51\BIN\C51.EXE ..\..\..\UserCode\User\src\Timer0.c LARGE OPTIMIZE(7,SPEED) BROWSE INCDI
                    -R(..\..\..\UserCode\Device\Include;..\..\..\UserCode\StdDriver\inc;..\..\..\UserCode\User\ins;..\..\..\UserCode\StdDrive
                    -r\src;..\..\..\UserCode\StdDriver\lib) DEBUG OBJECTEXTEND PRINT(.\LST\Timer0.lst) TABS(2) OBJECT(.\Output\Timer0.obj)

line level    source

   1          #include "ML51.h"
   2          
   3          typedef struct Sys_TimeCount_t
   4          {
   5            UINT8 count1ms;
   6            UINT8 count10ms;
   7            UINT16 count20ms;
   8            UINT16 count30ms;
   9            UINT16 count40ms;
  10            UINT16 count50ms;
  11            UINT16 count100ms;
  12            UINT16 count200ms;
  13            UINT16 count500ms;
  14            UINT16 count1s;
  15            UINT16 count5s;
  16          } Sys_TimeCount_t;
  17          
  18          typedef struct TimeEvent_t
  19          {
  20            UINT8 Time_1ms_Event;
  21            UINT8 Time_10ms_Event;
  22            UINT8 Time_20ms_Event;
  23            UINT8 Time_30ms_Event;
  24            UINT8 Time_40ms_Event;
  25            UINT8 Time_50ms_Event;
  26            UINT8 Time_100ms_Event;
  27            UINT8 Time_200ms_Event;
  28            UINT8 Time_500ms_Event;
  29            UINT8 Time_1s_Event;
  30            UINT8 Time_5s_Event;
  31          } TimeEvent_t;
  32          
  33          typedef struct Sys_TimePar_t
  34          {
  35            Sys_TimeCount_t Sys_TimeCount;
  36            TimeEvent_t TimeEvent_t;
  37            UINT8 IsTempHut_MeasureStart;
  38            UINT8 Sys_Second;
  39            UINT8 Sys_Minute;
  40            UINT8 IsNeedCO2Save;  //ï¿½Ç·ï¿½ï¿½ï¿½Òªï¿½ï¿½CO2ï¿½ï¿½Öµ
  41            UINT8 ISNeedPageSave; //ï¿½Ç·ï¿½æ´?ï¿½ï¿½Ç°Ò³ï¿½ï¿½Ö·
  42            UINT8 SaveAddr_P;
  43            UINT8 ISOneCircleSave; //ï¿½Ç·ï¿½ï¿½ï¿½ï¿½Ò»Ò?
  44            UINT16 NTC_Value;
  45            UINT16 Temp;
  46            TempHub_Sta_s TempHub_Sta;
  47          } Sys_TimePar_t;
  48          Sys_TimePar_t Sys_TimePar;
  49          #define JBE Sys_TimePar
  50          
  51          /* if define TIMER0_FSYS_DIV12, timer = (0x1FFF-0x1000)*12/24MHz = 4.08ms */
  52          /* if define TIMER0_FSYS, timer = (0x1FFF-0x0010)/24MHz = 340us */
  53          #define TH0_INIT 0Xc1 // 0xF9
C51 COMPILER V9.60.0.0   TIMER0                                                            11/11/2022 18:17:37 PAGE 2   

  54          #define TL0_INIT 0X0f // 0x17
  55          
  56          void Timer0_Init(void)
  57          {
  58   1        ENABLE_TIMER0_MODE0; // Timer 0 mode configuration
  59   1        TIMER0_FSYS_DIV12;
  60   1        SFRS = 0;
  61   1        TH0 = TH0_INIT; //ï¿½ï¿½Ê±0.ms
  62   1        TL0 = TL0_INIT;
  63   1        ENABLE_TIMER0_INTERRUPT; // enable Timer0 interrupt
  64   1        ENABLE_GLOBAL_INTERRUPT; // enable interrupts
  65   1        set_TCON_TR0;
  66   1      }
  67          
  68          void Timer0_ISR(void) interrupt 1 // interrupt address is 0x000B
  69          {
  70   1        _push_(SFRS);
  71   1        SFRS = 0;
  72   1        TH0 = TH0_INIT;
  73   1        TL0 = TL0_INIT;
  74   1        TF0 = 0;
  75   1        JBE.Sys_TimeCount.count1ms++;
  76   1        JBE.Sys_TimeCount.count10ms++;
  77   1        JBE.Sys_TimeCount.count20ms++;
  78   1        JBE.Sys_TimeCount.count30ms++;
  79   1        JBE.Sys_TimeCount.count40ms++;
  80   1        JBE.Sys_TimeCount.count50ms++;
  81   1        JBE.Sys_TimeCount.count100ms++;
  82   1        JBE.Sys_TimeCount.count200ms++;
  83   1        JBE.Sys_TimeCount.count500ms++;
  84   1        JBE.Sys_TimeCount.count1s++;
  85   1        JBE.Sys_TimeCount.count5s++;
  86   1        LED_Low_Light(4);
  87   1        if (JBE.Sys_TimeCount.count1ms >= 1)
  88   1        {
  89   2          Is_IIC_OverTime();
  90   2          JBE.TimeEvent_t.Time_1ms_Event = True;
  91   2          JBE.Sys_TimeCount.count1ms = 0;
  92   2        }
  93   1        if (JBE.Sys_TimeCount.count10ms >= 10)
  94   1        {
  95   2          JBE.TimeEvent_t.Time_10ms_Event = True;
  96   2          JBE.Sys_TimeCount.count10ms = 0;
  97   2        }
  98   1        if (JBE.Sys_TimeCount.count20ms >= 20)
  99   1        {
 100   2          JBE.TimeEvent_t.Time_20ms_Event = True;
 101   2          JBE.Sys_TimeCount.count20ms = 0;
 102   2        }
 103   1        if (JBE.Sys_TimeCount.count30ms >= 30)
 104   1        {
 105   2          JBE.TimeEvent_t.Time_30ms_Event = True;
 106   2          JBE.Sys_TimeCount.count30ms = 0;
 107   2        }
 108   1        if (JBE.Sys_TimeCount.count40ms >= 40)
 109   1        {
 110   2          JBE.TimeEvent_t.Time_40ms_Event = True;
 111   2          JBE.Sys_TimeCount.count40ms = 0;
 112   2        }
 113   1        if (JBE.Sys_TimeCount.count50ms >= 50)
 114   1        {
 115   2          JBE.TimeEvent_t.Time_50ms_Event = True;
C51 COMPILER V9.60.0.0   TIMER0                                                            11/11/2022 18:17:37 PAGE 3   

 116   2          JBE.Sys_TimeCount.count50ms = 0;
 117   2        }
 118   1        if (JBE.Sys_TimeCount.count100ms >= 100)
 119   1        {
 120   2          JBE.TimeEvent_t.Time_100ms_Event = True;
 121   2          JBE.Sys_TimeCount.count100ms = 0;
 122   2        }
 123   1        if (JBE.Sys_TimeCount.count200ms >= 300)
 124   1        {
 125   2          JBE.TimeEvent_t.Time_200ms_Event = True;
 126   2          JBE.Sys_TimeCount.count200ms = 0;
 127   2        }
 128   1        if (JBE.Sys_TimeCount.count500ms >= 500)
 129   1        {
 130   2          JBE.TimeEvent_t.Time_500ms_Event = True;
 131   2          JBE.Sys_TimeCount.count500ms = 0;
 132   2        }
 133   1        if (JBE.Sys_TimeCount.count1s >= 1000)
 134   1        {
 135   2          JBE.TimeEvent_t.Time_1s_Event = True;
 136   2          JBE.Sys_TimeCount.count1s = 0;
 137   2        }
 138   1        if (JBE.Sys_TimeCount.count5s >= 5000)
 139   1        {
 140   2          JBE.TimeEvent_t.Time_5s_Event = True;
 141   2          JBE.Sys_TimeCount.count5s = 0;
 142   2        }
 143   1        // P5 = ~P5;                              // GPIO toggle when interrupt
 144   1        _pop_(SFRS);
 145   1      }
 146          
 147          void Time_Process(void)
 148          {
 149   1        if (JBE.TimeEvent_t.Time_1ms_Event == True)
 150   1        {
 151   2      
 152   2          if (JBE.IsTempHut_MeasureStart == True)
 153   2          {
 154   3            Get_TempHut();
 155   3            // JBE.IsTempHut_MeasureStart=False;
 156   3          }
 157   2          // Bat_PowerDisplay();
 158   2      
 159   2          Recieve_Data_Analysis();
 160   2          JBE.TimeEvent_t.Time_1ms_Event = False;
 161   2        }
 162   1        else if (JBE.TimeEvent_t.Time_10ms_Event == True)
 163   1        {
 164   2      
 165   2          // Lcd_Display();
 166   2          KeyProcess();
 167   2          LED_Buz();
 168   2          BLU_Color();
 169   2      
 170   2          JBE.TimeEvent_t.Time_10ms_Event = False;
 171   2        }
 172   1        else if (JBE.TimeEvent_t.Time_20ms_Event == True)
 173   1        {
 174   2          // if(JBE.IsTempHut_MeasureStart==True)Get_TempHut();
 175   2          Get_CO2Valu();
 176   2          Get_Temp_Bat(Channel_Temp);
 177   2          Get_Temp_Bat(Channel_BatVolt);
C51 COMPILER V9.60.0.0   TIMER0                                                            11/11/2022 18:17:37 PAGE 4   

 178   2      
 179   2          if (JBE.IsNeedCO2Save == True)
 180   2          {
 181   3            if (JBE.ISNeedPageSave == True)
 182   3            {
 183   4              EEPROM_Write_SensorData(CO2, PAGE);
 184   4              JBE.ISNeedPageSave = False;
 185   4            }
 186   3            EEPROM_Write_SensorData(CO2, Sensor);
 187   3            Get_Max_Valu_24h();
 188   3            Get_Avg_Valu_24h();
 189   3            JBE.SaveAddr_P = JBE.SaveAddr_P + 2;
 190   3            if (JBE.SaveAddr_P > 95)
 191   3            {
 192   4              JBE.ISNeedPageSave = True;
 193   4              JBE.ISOneCircleSave = True;
 194   4              JBE.SaveAddr_P = 0;
 195   4            }
 196   3            JBE.IsNeedCO2Save = False;
 197   3          }
 198   2      
 199   2          JBE.TimeEvent_t.Time_20ms_Event = False;
 200   2        }
 201   1      
 202   1        else if (JBE.TimeEvent_t.Time_200ms_Event == True)
 203   1        {
 204   2      
 205   2          LCD_Display_TempHub(Get_TempValue(), Get_HubValue());
 206   2          JBE.TimeEvent_t.Time_200ms_Event = False;
 207   2        }
 208   1      
 209   1        else if (JBE.TimeEvent_t.Time_1s_Event == True)
 210   1        {
 211   2          // LCD_Display_TempHub(Get_TempValue(),TEMP);
 212   2          // EEPROM_Write_SensorData(CO2, PAGE);
 213   2          static UINT8 times, stable_count;
 214   2          JBE.Temp = Get_NTC_Temp();
 215   2          JBE.IsTempHut_MeasureStart = True;
 216   2      
 217   2          // if(JBE.ISOneCircleSave==0&&JBE.SaveAddr_P==0)JBE.IsNeedCO2Save=True; //ï¿½Õ¸ï¿½ï¿½Ïµï¿½ï¿½Ô´ï¿½Ò»ï¿½Î
             -¶ï¿½ï¿½ï¿½ï¿½ï¿½Ì¼Öµ
 218   2          JBE.Sys_Second++;
 219   2          if (JBE.Sys_Second >= 60)
 220   2          {
 221   3            JBE.Sys_Minute++;
 222   3            stable_count++;
 223   3            JBE.Sys_Second = 0;
 224   3            JBE.IsNeedCO2Save = True;
 225   3          }
 226   2          if (JBE.Sys_Minute > 30) // 30ï¿½ï¿½ï¿½Ó´ï¿½Ò»ï¿½ï¿½
 227   2          {
 228   3            JBE.Sys_Minute = 0;
 229   3            JBE.IsNeedCO2Save = True;
 230   3          }
 231   2          if (stable_count > 10)
 232   2          {
 233   3            JBE.TempHub_Sta = stable;
 234   3            stable_count = 11;
 235   3          }
 236   2          else
 237   2            JBE.TempHub_Sta = unstable;
 238   2          Get_CO2Valu();
C51 COMPILER V9.60.0.0   TIMER0                                                            11/11/2022 18:17:37 PAGE 5   

 239   2      
 240   2          // Send_NetworkEntry();
 241   2          JBE.TimeEvent_t.Time_1s_Event = False;
 242   2        }
 243   1        else if (JBE.TimeEvent_t.Time_5s_Event == True)
 244   1        {
 245   2      
 246   2          JBE.TimeEvent_t.Time_5s_Event = False;
 247   2        }
 248   1      }
*** WARNING C280 IN LINE 213 OF ..\..\..\UserCode\User\src\Timer0.c: 'times': unreferenced local variable
 249          
 250          UINT8 Get_TempHutStartFlag(void)
 251          {
 252   1        return JBE.IsTempHut_MeasureStart;
 253   1      }
 254          
 255          void Clr__TempHutStartFlag(void)
 256          {
 257   1        JBE.IsTempHut_MeasureStart = False;
 258   1      }
 259          
 260          UINT8 Get_SaveAddr(void)
 261          {
 262   1        return JBE.SaveAddr_P;
 263   1      }
 264          
 265          UINT8 Get_OneCircleSaveFlag(void)
 266          {
 267   1        return JBE.ISOneCircleSave;
 268   1      }
 269          
 270          void Set_OneCircle_Flag(UINT8 Flag)
 271          {
 272   1        JBE.ISOneCircleSave = Flag;
 273   1      }
 274          
 275          void Set_Save_AddrP(UINT8 Addr)
 276          {
 277   1        JBE.SaveAddr_P = Addr;
 278   1      }
 279          
 280          UINT16 GET_NtcTEMP(void)
 281          {
 282   1        return JBE.Temp;
 283   1      }
 284          
 285          TempHub_Sta_s GET_TempHub_Sta(void)
 286          {
 287   1        return JBE.TempHub_Sta;
 288   1      }


MODULE INFORMATION:   STATIC OVERLAYABLE
   CODE SIZE        =    909    ----
   CONSTANT SIZE    =   ----    ----
   XDATA SIZE       =     45    ----
   PDATA SIZE       =   ----    ----
   DATA SIZE        =   ----    ----
   IDATA SIZE       =   ----    ----
   BIT SIZE         =   ----    ----
END OF MODULE INFORMATION.

C51 COMPILER V9.60.0.0   TIMER0                                                            11/11/2022 18:17:37 PAGE 6   


C51 COMPILATION COMPLETE.  1 WARNING(S),  0 ERROR(S)
