C51 COMPILER V9.60.0.0   UART2_TX_RX                                                       08/12/2022 15:16:46 PAGE 1   


C51 COMPILER V9.60.0.0, COMPILATION OF MODULE UART2_TX_RX
OBJECT MODULE PLACED IN .\Output\UART2_TX_RX.obj
COMPILER INVOKED BY: d:\Keil_v5\C51\BIN\C51.EXE ..\UART2_TX_RX.c LARGE OPTIMIZE(7,SPEED) BROWSE INCDIR(..\..\..\..\Libra
                    -ry\Device\Include;..\..\..\..\Library\StdDriver\inc;..\..\..\..\Library\User\ins) DEBUG OBJECTEXTEND PRINT(.\LST\UART2_T
                    -X_RX.lst) TABS(2) OBJECT(.\Output\UART2_TX_RX.obj)

line level    source

   1          /*--------------------------------------------------------------------------------------------------------
             --*/
   2          /*                                                                                                        
             - */
   3          /* Copyright(c) 2020 Nuvoton Technology Corp. All rights reserved.                                        
             - */
   4          /*                                                                                                        
             - */
   5          /*--------------------------------------------------------------------------------------------------------
             --*/
   6          
   7          //********************************************************************************************************
             -***
   8          //  Website: http://www.nuvoton.com
   9          //  E-Mail : MicroC-8bit@nuvoton.com
  10          //********************************************************************************************************
             -***
  11          
  12          //********************************************************************************************************
             -***
  13          //  File Function: ML51 simple GPIO toggle out demo code
  14          //********************************************************************************************************
             -***
  15          
  16          #include "ML51.h"
  17          
  18          /**
  19           * @brief       UART2 TXD output demo
  20           * @param       None
  21           * @return      None
  22           * @details     conned UART2 and UART0 to loop check.
  23           */
  24          
  25          void main (void) 
  26          {
  27   1          MFP_P00_UART2_TXD;                              /* 设置P0.0和P0.1为UART2端口*/
  28   1          P00_QUASI_MODE; 
  29   1          MFP_P01_UART2_RXD;
  30   1          P01_INPUT_MODE; 
  31   1        
  32   1          UART2_Open(24000000,9600);                 /* Open UART2 use timer1 as baudrate generate and baud rate
             - = 115200*/
  33   1          ENABLE_SC0_RECEIVE_DATA_REACH_INTERRUPT;   //开启接收中断
  34   1          ENABLE_GLOBAL_INTERRUPT;                   //开启全局中断
  35   1          Timer0_Init();
  36   1          Init_Lcd();
  37   1          WDT_Init();
  38   1      /* while receive data from RXD, send this data to TXD */
  39   1        while(1)
  40   1        {
  41   2          FEED_WDT();
  42   2          Time_Process();
  43   2          
C51 COMPILER V9.60.0.0   UART2_TX_RX                                                       08/12/2022 15:16:46 PAGE 2   

  44   2          
  45   2          if (uart2rvflag)
  46   2          {
  47   3            uart2rvflag = 0;
  48   3            UART2_Send_Data(1);
  49   3          }
  50   2          printf("\n Hello world!");
  51   2        }
  52   1      }


MODULE INFORMATION:   STATIC OVERLAYABLE
   CODE SIZE        =    102    ----
   CONSTANT SIZE    =     15    ----
   XDATA SIZE       =   ----    ----
   PDATA SIZE       =   ----    ----
   DATA SIZE        =   ----    ----
   IDATA SIZE       =   ----    ----
   BIT SIZE         =   ----    ----
END OF MODULE INFORMATION.


C51 COMPILATION COMPLETE.  0 WARNING(S),  0 ERROR(S)
