C51 COMPILER V9.60.0.0   UART3                                                             11/11/2022 18:17:35 PAGE 1   


C51 COMPILER V9.60.0.0, COMPILATION OF MODULE UART3
OBJECT MODULE PLACED IN .\Output\uart3.obj
COMPILER INVOKED BY: d:\Keil_v5\C51\BIN\C51.EXE ..\..\..\UserCode\StdDriver\src\uart3.c LARGE OPTIMIZE(7,SPEED) BROWSE I
                    -NCDIR(..\..\..\UserCode\Device\Include;..\..\..\UserCode\StdDriver\inc;..\..\..\UserCode\User\ins;..\..\..\UserCode\StdD
                    -river\src;..\..\..\UserCode\StdDriver\lib) DEBUG OBJECTEXTEND PRINT(.\LST\uart3.lst) TABS(2) OBJECT(.\Output\uart3.obj)

line level    source

   1          /*--------------------------------------------------------------------------------------------------------
             --*/
   2          /*                                                                                                        
             - */
   3          /* Copyright(c) 2020 nuvoton Technology Corp. All rights reserved.                                        
             - */
   4          /*                                                                                                        
             - */
   5          /*--------------------------------------------------------------------------------------------------------
             --*/
   6          
   7          //********************************************************************************************************
             -***
   8          //  Nuvoton Technoledge Corp. 
   9          //  Website: http://www.nuvoton.com
  10          //  E-Mail : MicroC-8bit@nuvoton.com
  11          //  Date   : Jun/21/2020
  12          //********************************************************************************************************
             -***
  13          
  14          #include "ML51.h"
  15          
  16          unsigned char uart3rvbuffer=0;
  17          bit uart3rvflag;
  18          
  19          void SMC1_ISR(void) interrupt 22          // Vector @  0x9B
  20          {
  21   1          _push_(SFRS);
  22   1              SFRS = 2;
  23   1              uart3rvflag = 1;
  24   1              uart3rvbuffer = SC1DR;
  25   1          _pop_(SFRS);
  26   1      }
  27          /**
  28           * @brief       UART3 transfer data without interrupt 
  29           * @param       u32SysClock , define Fsys value(value)
  30           * @param       u32Baudrate, Define baudrate (value)
  31           * @return      none
  32           * @details     none
  33           * @example:    UART3_Open(24000000,115200)
  34           */ 
  35          void UART3_Open(unsigned long u32SysClock, unsigned long u32Baudrate)
  36          {
  37   1          set_SC1CR0_SCEN;         /* Enable SC module */
  38   1          set_SC1CR1_UARTEN;       /* set as UART mode */
  39   1          set_SC1CR1_CLKKEEP;      
  40   1          clr_SC1CR0_CONSEL;       /* clr CONSEL and AUTOCEN*/
  41   1          clr_SC1CR0_AUTOCEN;
  42   1          SC1ETURD0 = LOBYTE(u32SysClock/8/u32Baudrate-1);  /* define baud rate low byte */
  43   1          SC1ETURD1 &= 0xF0;                                /* define baud rate high byte */
  44   1          SC1ETURD1 |= (HIBYTE(u32SysClock/8/u32Baudrate-1))&0x0F; 
  45   1          set_SC1CR1_PBOFF;     //parity bit disable
  46   1          SC1CR1&=0xCF;        //datalegth 8bit
C51 COMPILER V9.60.0.0   UART3                                                             11/11/2022 18:17:35 PAGE 2   

  47   1          set_SC1CR0_NSB;      //stop bit = 1bit
  48   1        }
  49          
  50          /**
  51           * @brief       UART3 receive data without interrupt 
  52           * @param       baudrate value
  53           * @return      received data
  54           * @details     none
  55           * @example:    temp = UART3_Receive_Data()
  56           */ 
  57          unsigned char UART3_Receive_Data()
  58          {
  59   1          unsigned char c;
  60   1      
  61   1          clr_SC1CR0_RXOFF;
  62   1          while((SC1TSR&&SET_BIT1)==SET_BIT1);
  63   1          c = SC1DR;
  64   1        
  65   1          return (c);
  66   1      }
  67          
  68          /**
  69           * @brief       UART3 transfer data without interrupt 
  70           * @param       baudrate value
  71           * @return      none
  72           * @details     none
  73           * @example:    UART3_Send_Data(0x55)
  74           */ 
  75          void UART3_Send_Data(unsigned char c)
  76          {
  77   1          clr_SC1CR0_TXOFF;
  78   1          SC1DR = c;
  79   1          while(!(SC1TSR&SET_BIT3));
  80   1          clr_SC1CR0_TXOFF;
  81   1      }
  82          


MODULE INFORMATION:   STATIC OVERLAYABLE
   CODE SIZE        =    257    ----
   CONSTANT SIZE    =   ----    ----
   XDATA SIZE       =      1       8
   PDATA SIZE       =   ----    ----
   DATA SIZE        =   ----    ----
   IDATA SIZE       =   ----    ----
   BIT SIZE         =      1    ----
END OF MODULE INFORMATION.


C51 COMPILATION COMPLETE.  0 WARNING(S),  0 ERROR(S)
