C51 COMPILER V9.60.0.0   UART                                                              11/11/2022 18:17:35 PAGE 1   


C51 COMPILER V9.60.0.0, COMPILATION OF MODULE UART
OBJECT MODULE PLACED IN .\Output\uart.obj
COMPILER INVOKED BY: d:\Keil_v5\C51\BIN\C51.EXE ..\..\..\UserCode\StdDriver\src\uart.c LARGE OPTIMIZE(7,SPEED) BROWSE IN
                    -CDIR(..\..\..\UserCode\Device\Include;..\..\..\UserCode\StdDriver\inc;..\..\..\UserCode\User\ins;..\..\..\UserCode\StdDr
                    -iver\src;..\..\..\UserCode\StdDriver\lib) DEBUG OBJECTEXTEND PRINT(.\LST\uart.lst) TABS(2) OBJECT(.\Output\uart.obj)

line level    source

   1          /*--------------------------------------------------------------------------------------------------------
             --*/
   2          /*                                                                                                        
             - */
   3          /* Copyright(c) 2020 Nuvoton Technology Corp. All rights reserved.                                        
             - */
   4          /*                                                                                                        
             - */
   5          /*--------------------------------------------------------------------------------------------------------
             --*/
   6          
   7          //********************************************************************************************************
             -***
   8          //  Nuvoton Technoledge Corp. 
   9          //  Website: http://www.nuvoton.com
  10          //  E-Mail : MicroC-8bit@nuvoton.com
  11          //  Date   : Apr/29/2020
  12          //********************************************************************************************************
             -***
  13          
  14          #include "ML51.h"
  15          bit UART0PRINTFG=0,UART1PRINTFG=0, uart0_receive_flag = 0, uart1_receive_flag;
  16          unsigned char uart0_receive_data, uart1_receive_data;
  17          
  18          
  19          
  20          void Enable_UART0_VCOM_printf(void)
  21          {
  22   1        /* UART0 initial setting
  23   1        ** include uart.c in Library for UART initial setting
  24   1        **UART0 define P3.1 TXD multi function setting
  25   1        **/
  26   1          MFP_P31_UART0_TXD;
  27   1          P31_QUASI_MODE;
  28   1          UART_Open(24000000,UART0_Timer3,115200);
  29   1          ENABLE_UART0_PRINTF;
  30   1      }
  31          /* UART0 interrupt subroutine */
  32          
  33          
  34          
  35          
  36          
  37          
  38          /**
  39           * @brief       UART no interrupt enable setting 
  40           * @param       UART0~3, baudrate value
  41           * @return      none
  42           * @details     none
  43           * @note        max baud rate = 1.5MHz when Fsys = 24MHz
  44           */
  45          //********************************************************************************************************
             -********  
C51 COMPILER V9.60.0.0   UART                                                              11/11/2022 18:17:35 PAGE 2   

  46          //**** UART Enable Setting  
  47          //**** 1. Define Fsys value(value)
  48          //**** 2. Select UART port(UART0_Timer1 / UART0_Timer3 / UART1_Timer3 / UART2/UART3) 
  49          //**** 3. Define baudrate (value)
  50          //**** For example: UART_Open(24000000,UART0_Timer1,115200)
  51          void UART_Open(unsigned long u32SysClock, unsigned char u8UARTPort,unsigned long u32Baudrate)
  52          {
  53   1        switch(u8UARTPort)
  54   1        {
  55   2            case UART0_Timer1:
  56   2            case UART0:
  57   2                SFRS = 0x00;
  58   2                SCON = 0x50;             /*UART0 Mode1,REN=1,TI=1 */
  59   2                TMOD |= 0x20;            /*Timer1 Mode1*/
  60   2                set_PCON_SMOD;          /*UART0 Double Rate Enable*/
  61   2                set_CKCON_T1M;
  62   2                clr_T3CON_BRCK;          /*Serial port 0 baud rate clock source = Timer1*/
  63   2                TH1 = 256 - (u32SysClock/16/u32Baudrate);
  64   2                set_TCON_TR1;
  65   2            break;
  66   2            case UART0_Timer3:
  67   2                SFRS = 0x00;
  68   2                SCON = 0x50;            /*UART0 Mode1,REN=1,TI=1*/
  69   2                set_PCON_SMOD;          /*UART0 Double Rate Enable*/
  70   2                T3CON &= 0xF8;          /*T3PS2=0,T3PS1=0,T3PS0=0(Prescale=1)*/
  71   2                set_T3CON_BRCK;         /*UART0 baud rate clock source = Timer3*/
  72   2                RH3    = HIBYTE(65536 - (u32SysClock/16/u32Baudrate));
  73   2                RL3    = LOBYTE(65536 - (u32SysClock/16/u32Baudrate));
  74   2                set_T3CON_TR3;          /*Trigger Timer3*/
  75   2            break;
  76   2            case UART1_Timer3:
  77   2            case UART1:
  78   2                SFRS = 0x00;
  79   2                S1CON = 0x50;           /*UART1 Mode1,REN_1=1 */
  80   2                T3CON = 0x88;           /*T3PS2=0,T3PS1=0,T3PS0=0(Prescale=1), UART1 in MODE 1*/
  81   2                RH3    = HIBYTE(65536 - (u32SysClock/16/u32Baudrate));
  82   2                RL3    = LOBYTE(65536 - (u32SysClock/16/u32Baudrate));
  83   2                set_T3CON_TR3;          /* Trigger Timer3 */
  84   2            break; 
  85   2      
  86   2        }
  87   1      }
  88          //********************************************************************************************************
             -********  
  89          //**** UART Receive data without interrupt  
  90          //**** For example: UART_Open(UART0_Timer1,1200)
  91          unsigned char UART_Receive_Data(unsigned char UARTPort)
  92          {
  93   1          unsigned char c;
  94   1          SFRS = 0x00;
  95   1          switch (UARTPort)
  96   1          {
  97   2            case UART0:
  98   2              while (!RI);
  99   2              c = SBUF;
 100   2              RI = 0;
 101   2            break;
 102   2            case UART1:
 103   2              while (!RI_1);
 104   2              c = SBUF1;
 105   2              RI_1 = 0;
 106   2            break;
C51 COMPILER V9.60.0.0   UART                                                              11/11/2022 18:17:35 PAGE 3   

 107   2          }
 108   1          return (c);
 109   1      }
 110          //********************************************************************************************************
             -********  
 111          //**** UART transfer data without interrupt  
 112          //**** For example: UART_Send_Data(UART0,0x55)
 113          void UART_Send_Data(unsigned char UARTPort, unsigned char c)
 114          {
 115   1          SFRS = 0x00;
 116   1          switch (UARTPort)
 117   1          {
 118   2            case UART0:
 119   2              TI = 0;
 120   2              SBUF = c;
 121   2              while(TI==0);
 122   2              TI = 0;
 123   2            break;
 124   2            case UART1:
 125   2              TI_1 = 0;
 126   2              SBUF1 = c;
 127   2              while(TI_1==0);
 128   2              TI_1 = 0;
 129   2            break;
 130   2          }
 131   1      }
 132          
 133          
 134          /**
 135           * @brief       UART interrupt enable setting 
 136           * @param       u8UARTPort: UART0/UART1/UART2/UART3 baudrate value
 137           * @param       u8UARTINTStatus: Disable/Enable
 138           * @return      none
 139           * @details     none
 140           * @note        max baud rate = 1.5MHz when Fsys = 24MHz
 141           */
 142          void UART_Interrupt_Enable(unsigned char u8UARTPort, unsigned char u8UARTINTStatus)
 143          {
 144   1          switch (u8UARTPort)
 145   1          {
 146   2              case UART0: 
 147   2                switch(u8UARTINTStatus)
 148   2                {
 149   3                  case Disable: clr_IE_ES; break;
 150   3                  case Enable:  set_IE_ES; break;
 151   3                }
 152   2              break;
 153   2              case UART1:
 154   2                switch(u8UARTINTStatus)
 155   2                {
 156   3                  case Disable: clr_EIE1_ES1; break;
 157   3                  case Enable:  set_EIE1_ES1; break;
 158   3                }
 159   2              break;
 160   2          }
 161   1      }
 162          
 163          


MODULE INFORMATION:   STATIC OVERLAYABLE
   CODE SIZE        =    538    ----
C51 COMPILER V9.60.0.0   UART                                                              11/11/2022 18:17:35 PAGE 4   

   CONSTANT SIZE    =   ----    ----
   XDATA SIZE       =      2       9
   PDATA SIZE       =   ----    ----
   DATA SIZE        =   ----    ----
   IDATA SIZE       =   ----    ----
   BIT SIZE         =      4    ----
END OF MODULE INFORMATION.


C51 COMPILATION COMPLETE.  0 WARNING(S),  0 ERROR(S)
