C51 COMPILER V9.60.0.0   UART1_USER                                                        11/11/2022 18:17:37 PAGE 1   


C51 COMPILER V9.60.0.0, COMPILATION OF MODULE UART1_USER
OBJECT MODULE PLACED IN .\Output\UART1_USER.obj
COMPILER INVOKED BY: d:\Keil_v5\C51\BIN\C51.EXE ..\..\..\UserCode\User\src\UART1_USER.C LARGE OPTIMIZE(7,SPEED) BROWSE I
                    -NCDIR(..\..\..\UserCode\Device\Include;..\..\..\UserCode\StdDriver\inc;..\..\..\UserCode\User\ins;..\..\..\UserCode\StdD
                    -river\src;..\..\..\UserCode\StdDriver\lib) DEBUG OBJECTEXTEND PRINT(.\LST\UART1_USER.lst) TABS(2) OBJECT(.\Output\UART1_
                    -USER.obj)

line level    source

   1          #include "ML51.h"
   2          
   3          /*  for CO2*/
   4          void Init_UART1(void)
   5          {
   6   1          MFP_P23_UART1_TXD;
   7   1          P23_QUASI_MODE;
   8   1          MFP_P22_UART1_RXD;
   9   1          P22_INPUT_MODE;
  10   1      
  11   1          UART_Open(24000000,UART1_Timer3,9600);
  12   1          ENABLE_UART1_INTERRUPT;                 //For interrupt enable , interrupt subroutine is in uart.c fil
             -e
  13   1          ENABLE_GLOBAL_INTERRUPT;                //Enable global interrupt
  14   1      }
  15          
  16          
  17          void Uart1senddata(UINT8* Data,UINT8 len)
  18           {
  19   1         UINT8 i;
  20   1         for(i=0;i<len;i++)
  21   1         {
  22   2           UART_Send_Data(UART1, *(Data+i));
  23   2      //   send_byte(*(date+i));   
  24   2         }
  25   1       }
  26           
  27           
  28           


MODULE INFORMATION:   STATIC OVERLAYABLE
   CODE SIZE        =    133    ----
   CONSTANT SIZE    =   ----    ----
   XDATA SIZE       =   ----       5
   PDATA SIZE       =   ----    ----
   DATA SIZE        =   ----    ----
   IDATA SIZE       =   ----    ----
   BIT SIZE         =   ----    ----
END OF MODULE INFORMATION.


C51 COMPILATION COMPLETE.  0 WARNING(S),  0 ERROR(S)
