C51 COMPILER V9.60.0.0   WDT                                                               11/11/2022 18:17:37 PAGE 1   


C51 COMPILER V9.60.0.0, COMPILATION OF MODULE WDT
OBJECT MODULE PLACED IN .\Output\WDT.obj
COMPILER INVOKED BY: d:\Keil_v5\C51\BIN\C51.EXE ..\..\..\UserCode\User\src\WDT.c LARGE OPTIMIZE(7,SPEED) BROWSE INCDIR(.
                    -.\..\..\UserCode\Device\Include;..\..\..\UserCode\StdDriver\inc;..\..\..\UserCode\User\ins;..\..\..\UserCode\StdDriver\s
                    -rc;..\..\..\UserCode\StdDriver\lib) DEBUG OBJECTEXTEND PRINT(.\LST\WDT.lst) TABS(2) OBJECT(.\Output\WDT.obj)

line level    source

   1          #include "ML51.h"
   2          void WDT_Init(void)
   3          {
   4   1          TA=0xAA;TA=0x55;WDCON=0x07;          //Setting WDT prescale TA 为时效访问寄存器
   5   1        #ifdef POWER_DOWN_MODE
                  set_WDCON_WIDPD;                     //WDT run in POWER DOWM mode setting if needed
                #endif
   8   1          //ENABLE_WDT_INTERRUPT;
   9   1         // ENABLE_GLOBAL_INTERRUPT;
  10   1          set_WDCON_WDTR;                      //WDT run
  11   1          set_WDCON_WDCLR;                     //Clear WDT timer
  12   1          while((WDCON|~SET_BIT6)==0xFF);      //等待完成喂狗
  13   1      }
  14          
  15          void FEED_WDT(void)
  16          {
  17   1          clr_WDCON_WDTF;
  18   1          set_WDCON_WDCLR;
  19   1          while((WDCON|~SET_BIT6)==0xFF);
  20   1      }
  21          
  22          


MODULE INFORMATION:   STATIC OVERLAYABLE
   CODE SIZE        =    115    ----
   CONSTANT SIZE    =   ----    ----
   XDATA SIZE       =   ----    ----
   PDATA SIZE       =   ----    ----
   DATA SIZE        =   ----    ----
   IDATA SIZE       =   ----    ----
   BIT SIZE         =   ----    ----
END OF MODULE INFORMATION.


C51 COMPILATION COMPLETE.  0 WARNING(S),  0 ERROR(S)
