Rebuild target 'UserCode'
compiling main.c.c...
compiling uart2.c...
compiling common.c...
compiling adc.c...
compiling gpio.c...
compiling i2c.c...
compiling uart3.c...
compiling uart.c...
compiling pwm0.c...
compiling pwm123.c...
compiling eeprom.c...
compiling lcd.c...
compiling sys.c...
assembling STARTUP.A51...
compiling ADC_USER.c...
compiling CO2.c...
..\..\..\UserCode\User\src\CO2.c(150): warning C280: 'Dis_Mod': unreferenced local variable
..\..\..\UserCode\User\src\CO2.c(153): warning C280: 'C02Value_Dis': unreferenced local variable
compiling CRC8_NRSC5.C...
compiling EEPROM_USER.c...
compiling KEY.c...
compiling LCD_User.c...
compiling LED.c...
compiling SHTC3.c...
compiling Timer0.c...
..\..\..\UserCode\User\src\Timer0.c(213): warning C280: 'times': unreferenced local variable
compiling UART1_USER.C...
compiling UART2_USER.C...
compiling UART3_USER.C...
compiling WDT.c...
compiling WIFI.c...
compiling CRC16.C...
compiling BC3602.c...
..\..\..\UserCode\User\src\BC3602.c(217): warning C206: 'BC3602_SoftwareReset': missing function-prototype
..\..\..\UserCode\User\src\BC3602.c(222): warning C206: 'BC3602_CrystalReady': missing function-prototype
..\..\..\UserCode\User\src\BC3602.c(613): warning C206: 'RFXtalReady': missing function-prototype
..\..\..\UserCode\User\src\BC3602.c(628): warning C206: 'RFGetClrRFIrq': missing function-prototype
compiling BC3602_Gateway.c...
compiling BC3602_SPI.C...
linking...
*** WARNING L1: UNRESOLVED EXTERNAL SYMBOL
    SYMBOL:  BC3602_SOFTWARERESET
    MODULE:  .\Output\BC3602.obj (BC3602)

*** WARNING L1: UNRESOLVED EXTERNAL SYMBOL
    SYMBOL:  BC3602_CRYSTALREADY
    MODULE:  .\Output\BC3602.obj (BC3602)

*** WARNING L1: UNRESOLVED EXTERNAL SYMBOL
    SYMBOL:  RFGETCLRRFIRQ
    MODULE:  .\Output\BC3602.obj (BC3602)

*** WARNING L1: UNRESOLVED EXTERNAL SYMBOL
    SYMBOL:  RFXTALREADY
    MODULE:  .\Output\BC3602.obj (BC3602)

*** WARNING L2: REFERENCE MADE TO UNRESOLVED EXTERNAL
    SYMBOL:  BC3602_SOFTWARERESET
    MODULE:  .\Output\BC3602.obj (BC3602)
    ADDRESS: 649EH

*** WARNING L2: REFERENCE MADE TO UNRESOLVED EXTERNAL
    SYMBOL:  BC3602_CRYSTALREADY
    MODULE:  .\Output\BC3602.obj (BC3602)
    ADDRESS: 64A6H

*** WARNING L2: REFERENCE MADE TO UNRESOLVED EXTERNAL
    SYMBOL:  RFXTALREADY
    MODULE:  .\Output\BC3602.obj (BC3602)
    ADDRESS: 56C6H

*** WARNING L2: REFERENCE MADE TO UNRESOLVED EXTERNAL
    SYMBOL:  RFGETCLRRFIRQ
    MODULE:  .\Output\BC3602.obj (BC3602)
    ADDRESS: 5710H

*** WARNING L2: REFERENCE MADE TO UNRESOLVED EXTERNAL
    SYMBOL:  RFXTALREADY
    MODULE:  .\Output\BC3602.obj (BC3602)
    ADDRESS: 50C4H

*** WARNING L2: REFERENCE MADE TO UNRESOLVED EXTERNAL
    SYMBOL:  RFGETCLRRFIRQ
    MODULE:  .\Output\BC3602.obj (BC3602)
    ADDRESS: 511EH

Program Size: data=12.7 xdata=1903 code=29293
creating hex file from ".\Output\Temp_Humi_CO2"...
".\Output\Temp_Humi_CO2" - 0 Error(s), 17 Warning(s).
Build Time Elapsed:  00:00:04
